<?xml version="1.0" encoding="UTF-8"?>
<!-- Generated by org.testng.reporters.JUnitXMLReporter -->
<testsuite ignored="0" hostname="Jasprit" failures="0" tests="4" name="Default test" time="27.472" errors="0" timestamp="2024-08-21T15:04:25 IST">
  <testcase classname="testcasespack.TC06_CheckOut" name="login" time="1.736"/>
  <testcase classname="testcasespack.TC06_CheckOut" name="CheckOut" time="15.187"/>
  <testcase classname="testcasespack.TC06_CheckOut" name="ClickButtons" time="5.09"/>
  <testcase classname="testcasespack.TC06_CheckOut" name="VerifyOrderPlaced" time="2.029"/>
</testsuite> <!-- Default test -->
